[debug] [2024-02-27T23:53:55.647Z] ----------------------------------------------------------------------
[debug] [2024-02-27T23:53:55.650Z] Command:       C:\Program Files\nodejs\node.exe C:\Users\dariu\AppData\Roaming\npm\node_modules\firebase-tools\lib\bin\firebase.js init hosting:github
[debug] [2024-02-27T23:53:55.650Z] CLI Version:   13.4.0
[debug] [2024-02-27T23:53:55.651Z] Platform:      win32
[debug] [2024-02-27T23:53:55.651Z] Node Version:  v18.17.0
[debug] [2024-02-27T23:53:55.652Z] Time:          Tue Feb 27 2024 20:53:55 GMT-0300 (hora estándar de Argentina)
[debug] [2024-02-27T23:53:55.652Z] ----------------------------------------------------------------------
[debug] 
[debug] [2024-02-27T23:53:55.740Z] > command requires scopes: ["email","openid","https://www.googleapis.com/auth/cloudplatformprojects.readonly","https://www.googleapis.com/auth/firebase","https://www.googleapis.com/auth/cloud-platform"]
[debug] [2024-02-27T23:53:55.741Z] > authorizing via signed-in user (dariomarcelorossen@gmail.com)
[info] 
     ######## #### ########  ######## ########     ###     ######  ########
     ##        ##  ##     ## ##       ##     ##  ##   ##  ##       ##
     ######    ##  ########  ######   ########  #########  ######  ######
     ##        ##  ##    ##  ##       ##     ## ##     ##       ## ##
     ##       #### ##     ## ######## ########  ##     ##  ######  ########

You're about to initialize a Firebase project in this directory:

  C:\Users\dariu\Downloads\Proyectos\CamPeluClandes-master

Before we get started, keep in mind:

  * You are initializing within an existing Firebase project directory

[info] 
=== Project Setup
[info] 
[info] First, let's associate this project directory with a Firebase project.
[info] You can create multiple project aliases by running firebase use --add, 
[info] but for now we'll just set up a default project.
[info] 
[debug] [2024-02-27T23:53:59.360Z] Using project from CLI flag: cam-pelu-clandes
[debug] [2024-02-27T23:53:59.363Z] >>> [apiv2][query] GET https://firebase.googleapis.com/v1beta1/projects/cam-pelu-clandes [none]
[debug] [2024-02-27T23:53:59.756Z] <<< [apiv2][status] GET https://firebase.googleapis.com/v1beta1/projects/cam-pelu-clandes 200
[debug] [2024-02-27T23:53:59.756Z] <<< [apiv2][body] GET https://firebase.googleapis.com/v1beta1/projects/cam-pelu-clandes {"projectId":"cam-pelu-clandes","projectNumber":"297124937051","displayName":"cam-pelu-clandes","name":"projects/cam-pelu-clandes","resources":{"hostingSite":"cam-pelu-clandes"},"state":"ACTIVE","etag":"1_5aebda95-15bc-408d-b433-63c66baf3172"}
[info] i  Using project cam-pelu-clandes (cam-pelu-clandes) 
[info] 
=== Hosting:github Setup
[info] 
[info] i  Detected a .git folder at C:\Users\dariu\Downloads\Proyectos\CamPeluClandes-master 
[info] i  Authorizing with GitHub to upload your service account to a GitHub repository's secrets store. 
[info] 
[info] Visit this URL on this device to log in:
[info] https://github.com/login/oauth/authorize?client_id=89cf50f02ac6aaed3484&state=37405880&redirect_uri=http%3A%2F%2Flocalhost%3A9005&scope=read%3Auser%20repo%20public_repo
[info] 
[info] Waiting for authentication...
[debug] [2024-02-27T23:54:10.202Z] >>> [apiv2][query] POST https://github.com/login/oauth/access_token [none]
[debug] [2024-02-27T23:54:10.203Z] >>> [apiv2][body] POST https://github.com/login/oauth/access_token [stream]
[debug] [2024-02-27T23:54:10.594Z] <<< [apiv2][status] POST https://github.com/login/oauth/access_token 200
[debug] [2024-02-27T23:54:10.594Z] <<< [apiv2][body] POST https://github.com/login/oauth/access_token {"access_token":"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","token_type":"bearer","scope":"read:user,repo"}
[debug] [2024-02-27T23:54:10.597Z] >>> [apiv2][query] GET https://api.github.com/user [none]
[debug] [2024-02-27T23:54:10.933Z] <<< [apiv2][status] GET https://api.github.com/user 200
[debug] [2024-02-27T23:54:10.933Z] <<< [apiv2][body] GET https://api.github.com/user {"login":"DarioMRosiansky","id":100219404,"node_id":"U_kgDOBfk6DA","avatar_url":"https://avatars.githubusercontent.com/u/100219404?v=4","gravatar_id":"","url":"https://api.github.com/users/DarioMRosiansky","html_url":"https://github.com/DarioMRosiansky","followers_url":"https://api.github.com/users/DarioMRosiansky/followers","following_url":"https://api.github.com/users/DarioMRosiansky/following{/other_user}","gists_url":"https://api.github.com/users/DarioMRosiansky/gists{/gist_id}","starred_url":"https://api.github.com/users/DarioMRosiansky/starred{/owner}{/repo}","subscriptions_url":"https://api.github.com/users/DarioMRosiansky/subscriptions","organizations_url":"https://api.github.com/users/DarioMRosiansky/orgs","repos_url":"https://api.github.com/users/DarioMRosiansky/repos","events_url":"https://api.github.com/users/DarioMRosiansky/events{/privacy}","received_events_url":"https://api.github.com/users/DarioMRosiansky/received_events","type":"User","site_admin":false,"name":"Dario Marcelo Rosiansky","company":null,"blog":"","location":"Ciudad de Buenos Aires","email":null,"hireable":true,"bio":"Front end Jr. / Boobstrap / Full Stack student","twitter_username":null,"public_repos":16,"public_gists":0,"followers":6,"following":12,"created_at":"2022-02-22T15:22:30Z","updated_at":"2024-02-18T14:21:23Z","private_gists":0,"total_private_repos":0,"owned_private_repos":0,"disk_usage":656176,"collaborators":0,"two_factor_authentication":false,"plan":{"name":"free","space":976562499,"collaborators":0,"private_repos":10000}}
[info] 
[info] +  Success! Logged into GitHub as DarioMRosiansky 
[info] 
